<?xml version="1.0" encoding="UTF-8"?>
<testng-results skipped="0" failed="0" ignored="0" total="1" passed="1">
  <reporter-output>
  </reporter-output>
  <suite name="Default suite" duration-ms="25466" started-at="2018-05-14T09:39:33Z" finished-at="2018-05-14T09:39:58Z">
    <groups>
    </groups>
    <test name="Default test" duration-ms="25466" started-at="2018-05-14T09:39:33Z" finished-at="2018-05-14T09:39:58Z">
      <class name="questions.screenshot">
        <test-method status="PASS" signature="arbudget()[pri:0, instance:questions.screenshot@a38d7a3]" name="arbudget" duration-ms="25413" started-at="2018-05-14T09:39:33Z" finished-at="2018-05-14T09:39:58Z">
          <reporter-output>
          </reporter-output>
        </test-method> <!-- arbudget -->
      </class> <!-- questions.screenshot -->
    </test> <!-- Default test -->
  </suite> <!-- Default suite -->
</testng-results>
